<?xml version="1.0" encoding="UTF-8"?>
<Script name="test"><Initialize nameEncoded="true" name="SW5pdGlhbGl6ZQ==" type="basic.init"><Step nameEncoded="true" name="TGF1bmNoIEJyb3dzZXI="/></Initialize><Run nameEncoded="true" name="UnVu" type="basic.iteration"><Step nameEncoded="true" name="TmF2aWdhdGUgaHR0cDovL3JpeW9yYW1nYm0wMi5tYWFkZW4uY29tOjgwNTAvT0FfSFRNTC9PQS5qc3A/cGFnZT0vb3JhY2xlL2FwcHMvZm5kL2ZyYW1ld29yay9uYXZpZ2F0ZS93ZWJ1aS9Ib21lUEcmaG9tZVBhZ2U9WSZPQVBCPUZXS19IT01FUEFHRV9CUkFORCZ0cmFuc2FjdGlvbmlkPTE2NDk4MjYwODEmb2FwYz0yJm9hcz1HLXhMU21xUW5rUVVzaUlBVkVWSXpRLi4jIw==" recid="2" duration="0" type="web.action"><Step nameEncoded="true" name="VGhpbms6IDguNDYgKHNlYyk=" type="basic.think"/></Step><Step nameEncoded="true" name="Q2xpY2sgbGluaygiQHRleHQ9J1J1biciKQ==" recid="4" duration="0" type="web.action"/><Step nameEncoded="true" name="V2FpdEZvclBhZ2UgKGh0dHA6Ly9yaXlvcmFtZ2JtMDIubWFhZGVuLmNvbTo4MDUwL2Zvcm1zL2ZybXNlcnZsZXQ/YXBwbGV0bW9kZT1ub25mb3JtcyZIVE1McGFnZVRpdGxlPSZIVE1McHJlQXBwbGV0PSZjb2RlPW9yYWNsZS9hcHBzL2ZuZC9mb3Jtc0NsaWVudC9Gb3Jtc0xhdW5jaGVyLmNsYXNzJndpZHRoPTQwMCZoZWlnaHQ9MzAwJmFyY2hpdmU9L09BX0pBVkEvb3JhY2xlL2FwcHMvZm5kL2phci9mbmRmb3Jtcy5qYXIsL09BX0pBVkEvb3JhY2xlL2FwcHMvZm5kL2phci9mbmRmb3Jtc2kxOG4uamFyLC9PQV9KQVZBL29yYWNsZS9hcHBzL2ZuZC9qYXIvZm5kZXd0LmphciwvT0FfSkFWQS9vcmFjbGUvYXBwcy9mbmQvamFyL2ZuZHN3aW5nLmphciwvT0FfSkFWQS9vcmFjbGUvYXBwcy9mbmQvamFyL2ZuZGJhbGlzaGFyZS5qYXIsL09BX0pBVkEvb3JhY2xlL2FwcHMvZm5kL2phci9mbmRhb2wuamFyLC9PQV9KQVZBL29yYWNsZS9hcHBzL2ZuZC9qYXIvZm5kY3R4LmphciwvT0FfSkFWQS9vcmFjbGUvYXBwcy9mbmQvamFyL2ZuZGxpc3QuamFyJmppbml0X2FwcGxldGNhY2hlPW9mZiZncDE1PWljeF90aWNrZXQmZ3YxNT01NVh1WFhSQlVZamlzLUhmQ2ZnWkhRLi4mZ3AyPXJlc3BfYXBwJmd2Mj1QTyZncDM9cmVzcCZndjM9TVdTUENfUE9fU1UmZ3A0PXNlY19ncm91cCZndjQ9U1RBTkRBUkQmZ3A1PWZ1bmN0aW9uJmd2NT1GTkRfRk5EUlNSVU4mZ3A2PW90aGVyX3BhcmFtcyZndjY9JmdwNz1qc3BfYWdlbnQmZ3Y3PWh0dHAlM0ElMkYlMkZyaXlvcmFtZ2JtMDIubWFhZGVuLmNvbSUzQTgwNTAlMkZPQV9IVE1MJTJGJmdwMTM9ZGJjJmd2MTM9T05FQkcyKQ==" recid="5" duration="0" type="web.pageComplete"><Step nameEncoded="true" name="RnJhbWUgKFVSTCA9aHR0cDovL3JpeW9yYW1nYm0wMi5tYWFkZW4uY29tOjgwNTAvT0FfSFRNTC9jYWJvL2ltYWdlcy9zd2FuL3QuaHRtKQ==" recid="6" duration="0" type="web.frame"/><Step nameEncoded="true" name="RnJhbWUgKFVSTCA9aHR0cDovL3JpeW9yYW1nYm0wMi5tYWFkZW4uY29tOjgwNTAvT0FfSFRNTC9ibGFuay5odG1sKQ==" recid="7" duration="0" type="web.frame"/><Step nameEncoded="true" name="RnJhbWUgKFVSTCA9aHR0cDovL3JpeW9yYW1nYm0wMi5tYWFkZW4uY29tOjgwNTAvZm9ybXMvZnJtc2VydmxldD9hcHBsZXRtb2RlPW5vbmZvcm1zJkhUTUxwYWdlVGl0bGU9JkhUTUxwcmVBcHBsZXQ9JmNvZGU9b3JhY2xlL2FwcHMvZm5kL2Zvcm1zQ2xpZW50L0Zvcm1zTGF1bmNoZXIuY2xhc3Mmd2lkdGg9NDAwJmhlaWdodD0zMDAmYXJjaGl2ZT0vT0FfSkFWQS9vcmFjbGUvYXBwcy9mbmQvamFyL2ZuZGZvcm1zLmphciwvT0FfSkFWQS9vcmFjbGUvYXBwcy9mbmQvamFyL2ZuZGZvcm1zaTE4bi5qYXIsL09BX0pBVkEvb3JhY2xlL2FwcHMvZm5kL2phci9mbmRld3QuamFyLC9PQV9KQVZBL29yYWNsZS9hcHBzL2ZuZC9qYXIvZm5kc3dpbmcuamFyLC9PQV9KQVZBL29yYWNsZS9hcHBzL2ZuZC9qYXIvZm5kYmFsaXNoYXJlLmphciwvT0FfSkFWQS9vcmFjbGUvYXBwcy9mbmQvamFyL2ZuZGFvbC5qYXIsL09BX0pBVkEvb3JhY2xlL2FwcHMvZm5kL2phci9mbmRjdHguamFyLC9PQV9KQVZBL29yYWNsZS9hcHBzL2ZuZC9qYXIvZm5kbGlzdC5qYXImamluaXRfYXBwbGV0Y2FjaGU9b2ZmJmdwMTU9aWN4X3RpY2tldCZndjE1PTU1WHVYWFJCVVlqaXMtSGZDZmdaSFEuLiZncDI9cmVzcF9hcHAmZ3YyPVBPJmdwMz1yZXNwJmd2Mz1NV1NQQ19QT19TVSZncDQ9c2VjX2dyb3VwJmd2ND1TVEFOREFSRCZncDU9ZnVuY3Rpb24mZ3Y1PUZORF9GTkRSU1JVTiZncDY9b3RoZXJfcGFyYW1zJmd2Nj0mZ3A3PWpzcF9hZ2VudCZndjc9aHR0cCUzQSUyRiUyRnJpeW9yYW1nYm0wMi5tYWFkZW4uY29tJTNBODA1MCUyRk9BX0hUTUwlMkYmZ3AxMz1kYmMmZ3YxMz1PTkVCRzIp" recid="8" duration="0" type="web.frame"/><Step nameEncoded="true" name="VGhpbms6IDIxMi4wMDQgKHNlYyk=" type="basic.think"/></Step><Step nameEncoded="true" name="Q2xpY2tCdXR0b24gZGlhbG9nKCJAdGV4dD0nSW50ZXJuZXQgRXhwbG9yZXInIikgMA==" recid="9" duration="0" type="web.action"><Step nameEncoded="true" name="VGhpbms6IDM5LjM4NCAoc2VjKQ==" type="basic.think"/></Step><Step nameEncoded="true" name="Q2xvc2Ugd2luZG93KCJAaW5kZXg9JzInIik=" recid="10" duration="0" type="web.action"><Step nameEncoded="true" name="VGhpbms6IDYxMzI4LjA0NSAoc2VjKQ==" type="basic.think"/></Step><Step nameEncoded="true" name="Q2xvc2Ugd2luZG93KCJAaW5kZXg9JzAnIik=" recid="11" duration="0" type="web.action"><Step nameEncoded="true" name="VGhpbms6IDIuMzQ1IChzZWMp" type="basic.think"/></Step><Step nameEncoded="true" name="Q2xvc2Ugd2luZG93KCJAaW5kZXg9JzAnIik=" recid="12" duration="0" type="web.action"/></Run><Finish nameEncoded="true" name="RmluaXNo" type="basic.finish"/></Script>